2024-07-17 18:10:01 [32minfo[39m: Escuchando en http://localhost:8080
2024-07-17 18:10:15 [32minfo[39m: Escuchando en http://localhost:8080
2024-07-17 18:10:34 [31merror[39m: Error al agregar producto al carrito: productModel is not defined
2024-07-17 18:10:38 [31merror[39m: Error al agregar producto al carrito: productModel is not defined
2024-07-17 18:21:32 [32minfo[39m: Escuchando en http://localhost:8080
2024-07-17 18:24:09 [32minfo[39m: Escuchando en http://localhost:8080
2024-07-17 18:24:13 [32minfo[39m: Escuchando en http://localhost:8080
2024-07-17 18:24:35 [32minfo[39m: Escuchando en http://localhost:8080
2024-07-17 18:25:53 [32minfo[39m: Escuchando en http://localhost:8080
2024-07-17 18:25:55 [32minfo[39m: Producto agregado al carrito 6674932d4f87d76af20be6ae
2024-07-17 18:26:34 [32minfo[39m: Escuchando en http://localhost:8080
2024-07-17 23:01:48 [32minfo[39m: Escuchando en http://localhost:8080
2024-07-17 23:05:28 [32minfo[39m: Escuchando en http://localhost:8080
2024-07-17 23:07:05 [32minfo[39m: Escuchando en http://localhost:8080
2024-07-17 23:07:36 [31merror[39m: Error al agregar producto al carrito: Product is not defined
2024-07-17 23:08:57 [32minfo[39m: Escuchando en http://localhost:8080
2024-07-17 23:17:21 [32minfo[39m: Escuchando en http://localhost:8080
2024-07-17 23:17:27 [32minfo[39m: Producto agregado al carrito 6674932d4f87d76af20be6ae
2024-07-17 23:17:31 [32minfo[39m: Producto agregado al carrito 6674932d4f87d76af20be6ae
2024-07-17 23:17:43 [33mwarning[39m: Producto admin product no tiene suficiente stock
2024-07-17 23:17:44 [32minfo[39m: Compra completada con éxito.
2024-07-17 23:18:21 [32minfo[39m: Escuchando en http://localhost:8080
2024-07-17 23:19:02 [32minfo[39m: Producto 6697b8fc059b25d01f31f138 eliminado del carrito 6674932d4f87d76af20be6ae
2024-07-17 23:19:41 [32minfo[39m: Producto agregado al carrito 6674932d4f87d76af20be6ae
2024-07-17 23:22:34 [32minfo[39m: Carrito creado:
2024-07-17 23:22:43 [32minfo[39m: Producto agregado al carrito 66987c6a4b35ed6865cf7a16
2024-07-17 23:22:46 [32minfo[39m: Producto agregado al carrito 66987c6a4b35ed6865cf7a16
2024-07-17 23:23:51 [32minfo[39m: Producto agregado al carrito 66987c6a4b35ed6865cf7a16
2024-07-17 23:24:23 [32minfo[39m: Producto agregado al carrito 6674932d4f87d76af20be6ae
2024-07-17 23:24:25 [32minfo[39m: Producto agregado al carrito 6674932d4f87d76af20be6ae
2024-07-17 23:25:51 [32minfo[39m: Escuchando en http://localhost:8080
2024-07-17 23:32:02 [32minfo[39m: Escuchando en http://localhost:8080
2024-07-17 23:36:21 [32minfo[39m: Escuchando en http://localhost:8080
2024-07-17 23:36:27 [32minfo[39m: Producto agregado al carrito 6674932d4f87d76af20be6ae
2024-07-17 23:36:29 [32minfo[39m: Producto agregado al carrito 6674932d4f87d76af20be6ae
2024-07-17 23:36:31 [32minfo[39m: Producto agregado al carrito 6674932d4f87d76af20be6ae
2024-07-17 23:36:35 [32minfo[39m: Producto agregado al carrito 6674932d4f87d76af20be6ae
2024-07-17 23:37:01 [32minfo[39m: Escuchando en http://localhost:8080
2024-07-17 23:37:24 [32minfo[39m: Escuchando en http://localhost:8080
2024-07-17 23:37:29 [32minfo[39m: Producto agregado al carrito 6674932d4f87d76af20be6ae
2024-07-17 23:41:24 [32minfo[39m: Escuchando en http://localhost:8080
2024-07-17 23:41:51 [32minfo[39m: Escuchando en http://localhost:8080
2024-07-17 23:42:06 [32minfo[39m: Escuchando en http://localhost:8080
2024-07-17 23:53:36 [32minfo[39m: Producto agregado al carrito 66987c6a4b35ed6865cf7a16
2024-07-17 23:53:39 [32minfo[39m: Producto agregado al carrito 66987c6a4b35ed6865cf7a16
2024-07-17 23:56:08 [32minfo[39m: Escuchando en http://localhost:8080
2024-07-18 00:36:21 [32minfo[39m: Producto agregado al carrito 6674932d4f87d76af20be6ae
2024-07-18 00:36:23 [32minfo[39m: Producto agregado al carrito 6674932d4f87d76af20be6ae
2024-07-18 00:36:29 [32minfo[39m: Producto agregado al carrito 6674932d4f87d76af20be6ae
2024-07-18 00:37:00 [32minfo[39m: Escuchando en http://localhost:8080
2024-07-18 00:37:05 [32minfo[39m: Producto agregado al carrito 6674932d4f87d76af20be6ae
2024-07-18 00:41:09 [32minfo[39m: Escuchando en http://localhost:8080
2024-07-18 00:41:11 [31merror[39m: Error al agregar producto al carrito: price is not defined
2024-07-18 00:41:18 [31merror[39m: Error al agregar producto al carrito: price is not defined
2024-07-18 00:41:29 [32minfo[39m: Escuchando en http://localhost:8080
2024-07-18 00:41:34 [32minfo[39m: Producto agregado al carrito 6674932d4f87d76af20be6ae
2024-07-18 00:41:51 [32minfo[39m: Escuchando en http://localhost:8080
2024-07-18 00:44:34 [32minfo[39m: Escuchando en http://localhost:8080
2024-07-18 00:45:27 [32minfo[39m: Producto agregado al carrito 6674932d4f87d76af20be6ae
2024-07-18 00:45:42 [32minfo[39m: Compra completada con éxito.
2024-07-18 00:46:01 [32minfo[39m: Producto agregado al carrito 6674932d4f87d76af20be6ae
2024-07-18 00:46:05 [32minfo[39m: Compra completada con éxito.
2024-07-18 00:47:01 [32minfo[39m: Producto agregado al carrito 66987c6a4b35ed6865cf7a16
2024-07-18 00:47:04 [32minfo[39m: Producto agregado al carrito 66987c6a4b35ed6865cf7a16
2024-07-18 00:47:11 [32minfo[39m: Compra completada con éxito.
2024-07-18 00:47:22 [32minfo[39m: Producto agregado al carrito 66987c6a4b35ed6865cf7a16
2024-07-18 00:47:26 [33mwarning[39m: Producto admin product no tiene suficiente stock
2024-07-18 00:47:26 [31merror[39m: Error al realizar la compra: No hay suficiente stock
2024-07-18 10:55:10 [32minfo[39m: Escuchando en http://localhost:8080
2024-07-18 10:57:21 [32minfo[39m: Escuchando en http://localhost:8080
2024-07-18 10:59:59 [32minfo[39m: Escuchando en http://localhost:8080
2024-07-18 11:00:53 [32minfo[39m: Escuchando en http://localhost:8080
2024-07-18 11:02:18 [32minfo[39m: Escuchando en http://localhost:8080
2024-07-18 11:02:29 [32minfo[39m: Escuchando en http://localhost:8080
2024-07-18 11:12:59 [32minfo[39m: Escuchando en http://localhost:8080
2024-07-18 11:22:28 [32minfo[39m: Escuchando en http://localhost:8080
2024-07-18 11:25:23 [32minfo[39m: Escuchando en http://localhost:8080
2024-07-18 11:27:13 [32minfo[39m: Escuchando en http://localhost:8080
2024-07-18 11:29:01 [32minfo[39m: Escuchando en http://localhost:8080
2024-07-18 11:29:49 [32minfo[39m: Escuchando en http://localhost:8080
2024-07-18 11:30:47 [32minfo[39m: Escuchando en http://localhost:8080
2024-07-18 11:33:03 [32minfo[39m: Escuchando en http://localhost:8080
2024-07-18 11:33:36 [32minfo[39m: Escuchando en http://localhost:8080
2024-07-18 11:35:13 [32minfo[39m: Escuchando en http://localhost:8080
2024-07-18 11:36:42 [32minfo[39m: Escuchando en http://localhost:8080
2024-07-18 11:36:44 [32minfo[39m: Escuchando en http://localhost:8080
2024-07-18 11:40:49 [32minfo[39m: Escuchando en http://localhost:8080
2024-07-18 11:43:31 [32minfo[39m: Escuchando en http://localhost:8080
2024-07-18 11:43:36 [32minfo[39m: Escuchando en http://localhost:8080
2024-07-18 11:47:47 [32minfo[39m: Escuchando en http://localhost:8080
2024-07-18 11:50:11 [32minfo[39m: Escuchando en http://localhost:8080
2024-07-18 11:55:04 [32minfo[39m: Escuchando en http://localhost:8080
2024-07-18 11:55:13 [32minfo[39m: Escuchando en http://localhost:8080
2024-07-18 11:55:49 [32minfo[39m: Carrito creado:
2024-07-18 11:56:15 [32minfo[39m: Carrito creado:
2024-07-18 12:02:51 [32minfo[39m: Escuchando en http://localhost:8080
2024-07-18 12:04:59 [32minfo[39m: Escuchando en http://localhost:8080
2024-07-18 12:11:29 [32minfo[39m: Escuchando en http://localhost:8080
2024-07-18 12:13:14 [32minfo[39m: Escuchando en http://localhost:8080
2024-07-18 12:14:42 [32minfo[39m: Escuchando en http://localhost:8080
2024-07-18 14:56:34 [32minfo[39m: Escuchando en http://localhost:8080
2024-07-18 15:02:03 [32minfo[39m: Escuchando en http://localhost:8080
2024-07-18 15:04:58 [32minfo[39m: Producto agregado al carrito 66992d0fc07000e2f88f05b5
2024-07-18 15:05:02 [32minfo[39m: Compra completada con éxito.
